<?xml version="1.0" encoding="UTF-8"?>
<robot generator="Robot 5.0.1 (Python 3.10.5 on win32)" generated="20220804 17:33:19.482" rpa="false" schemaversion="3">
<suite id="s1" name="Testcase8 pabot cross browser execution" source="C:\Users\028107744\PycharmProjects\RobotFrameworkSeleniumPythonProject\Testcases\Testcase8_pabot_cross_browser_execution.robot">
<test id="s1-t1" name="Validate Successful Login" line="12">
<kw name="Launch the URL" type="SETUP">
<kw name="Create Webdriver" library="SeleniumLibrary">
<arg>${browser}</arg>
<arg>executable_path=../Resources/Drivers/${browser}</arg>
<doc>Creates an instance of Selenium WebDriver.</doc>
<msg timestamp="20220804 17:33:19.806" level="INFO">Creating an instance of the Firefox WebDriver.</msg>
<status status="PASS" starttime="20220804 17:33:19.805" endtime="20220804 17:33:26.641"/>
</kw>
<kw name="Go To" library="SeleniumLibrary">
<arg>${URL}</arg>
<doc>Navigates the current browser window to the provided ``url``.</doc>
<msg timestamp="20220804 17:33:26.642" level="INFO">Opening url 'https://rahulshettyacademy.com/loginpagePractise/'</msg>
<status status="PASS" starttime="20220804 17:33:26.641" endtime="20220804 17:33:27.250"/>
</kw>
<status status="PASS" starttime="20220804 17:33:19.804" endtime="20220804 17:33:27.250"/>
</kw>
<kw name="maximise the browser window">
<kw name="Maximize Browser Window" library="SeleniumLibrary">
<doc>Maximizes current browser window.</doc>
<status status="PASS" starttime="20220804 17:33:27.254" endtime="20220804 17:33:27.266"/>
</kw>
<status status="PASS" starttime="20220804 17:33:27.253" endtime="20220804 17:33:27.266"/>
</kw>
<kw name="Populate username in the Username field">
<kw name="Input Text" library="SeleniumLibrary">
<arg>id:username</arg>
<arg>${Username}</arg>
<doc>Types the given ``text`` into the text field identified by ``locator``.</doc>
<msg timestamp="20220804 17:33:27.268" level="INFO">Typing text 'rahulshettyacademy' into text field 'id:username'.</msg>
<status status="PASS" starttime="20220804 17:33:27.267" endtime="20220804 17:33:27.363"/>
</kw>
<status status="PASS" starttime="20220804 17:33:27.266" endtime="20220804 17:33:27.364"/>
</kw>
<kw name="Populate password in the Password field">
<kw name="Input Password" library="SeleniumLibrary">
<arg>id:password</arg>
<arg>${Password}</arg>
<doc>Types the given password into the text field identified by ``locator``.</doc>
<msg timestamp="20220804 17:33:27.365" level="INFO">Typing password into text field 'id:password'.</msg>
<msg timestamp="20220804 17:33:27.379" level="INFO">Temporally setting log level to: NONE</msg>
<msg timestamp="20220804 17:33:27.398" level="INFO">Log level changed from NONE to INFO.</msg>
<status status="PASS" starttime="20220804 17:33:27.365" endtime="20220804 17:33:27.398"/>
</kw>
<kw name="Sleep" library="BuiltIn">
<arg>5</arg>
<doc>Pauses the test executed for the given time.</doc>
<msg timestamp="20220804 17:33:32.404" level="INFO">Slept 5 seconds</msg>
<status status="PASS" starttime="20220804 17:33:27.398" endtime="20220804 17:33:32.405"/>
</kw>
<status status="PASS" starttime="20220804 17:33:27.364" endtime="20220804 17:33:32.405"/>
</kw>
<kw name="Select Sign In button">
<kw name="Click Button" library="SeleniumLibrary">
<arg>id:signInBtn</arg>
<doc>Clicks the button identified by ``locator``.</doc>
<msg timestamp="20220804 17:33:32.408" level="INFO">Clicking button 'id:signInBtn'.</msg>
<status status="PASS" starttime="20220804 17:33:32.407" endtime="20220804 17:33:32.688"/>
</kw>
<status status="PASS" starttime="20220804 17:33:32.406" endtime="20220804 17:33:32.688"/>
</kw>
<kw name="Close Browser" library="SeleniumLibrary" type="TEARDOWN">
<doc>Closes the current browser.</doc>
<status status="PASS" starttime="20220804 17:33:32.690" endtime="20220804 17:33:34.764"/>
</kw>
<tag>SMOKE</tag>
<status status="PASS" starttime="20220804 17:33:19.803" endtime="20220804 17:33:34.765"/>
</test>
<doc>The objective of this test case is to validate cross browser execution</doc>
<status status="PASS" starttime="20220804 17:33:19.485" endtime="20220804 17:33:34.767"/>
</suite>
<statistics>
<total>
<stat pass="1" fail="0" skip="0">All Tests</stat>
</total>
<tag>
<stat pass="1" fail="0" skip="0">SMOKE</stat>
</tag>
<suite>
<stat pass="1" fail="0" skip="0" id="s1" name="Testcase8 pabot cross browser execution">Testcase8 pabot cross browser execution</stat>
</suite>
</statistics>
<errors>
</errors>
</robot>
