<?xml version="1.0" encoding="UTF-8"?>
<robot generator="Robot 5.0.1 (Python 3.10.5 on win32)" generated="20220804 14:45:42.833" rpa="false" schemaversion="3">
<suite id="s1" name="Testcase8 pabot cross browser execution" source="C:\Users\028107744\PycharmProjects\RobotFrameworkSeleniumPythonProject\Testcases\Testcase8_pabot_cross_browser_execution.robot">
<test id="s1-t1" name="Validate Successful Login" line="8">
<kw name="Launch the URL">
<arg>Firefox</arg>
<kw name="Create Webdriver" library="SeleniumLibrary">
<arg>${browser}</arg>
<arg>executable_path=../Resources/Drivers/${browser}</arg>
<doc>Creates an instance of Selenium WebDriver.</doc>
<msg timestamp="20220804 14:45:43.249" level="INFO">Creating an instance of the Firefox WebDriver.</msg>
<status status="PASS" starttime="20220804 14:45:43.248" endtime="20220804 14:45:50.487"/>
</kw>
<kw name="Go To" library="SeleniumLibrary">
<arg>${URL}</arg>
<doc>Navigates the current browser window to the provided ``url``.</doc>
<msg timestamp="20220804 14:45:50.489" level="INFO">Opening url 'https://rahulshettyacademy.com/loginpagePractise/'</msg>
<status status="PASS" starttime="20220804 14:45:50.488" endtime="20220804 14:45:51.288"/>
</kw>
<status status="PASS" starttime="20220804 14:45:43.248" endtime="20220804 14:45:51.288"/>
</kw>
<kw name="maximise the browser window">
<kw name="Maximize Browser Window" library="SeleniumLibrary">
<doc>Maximizes current browser window.</doc>
<status status="PASS" starttime="20220804 14:45:51.290" endtime="20220804 14:45:51.301"/>
</kw>
<status status="PASS" starttime="20220804 14:45:51.289" endtime="20220804 14:45:51.301"/>
</kw>
<kw name="Populate username in the Username field">
<kw name="Input Text" library="SeleniumLibrary">
<arg>id:username</arg>
<arg>${Username}</arg>
<doc>Types the given ``text`` into the text field identified by ``locator``.</doc>
<msg timestamp="20220804 14:45:51.304" level="INFO">Typing text 'rahulshettyacademy' into text field 'id:username'.</msg>
<status status="PASS" starttime="20220804 14:45:51.303" endtime="20220804 14:45:51.428"/>
</kw>
<status status="PASS" starttime="20220804 14:45:51.302" endtime="20220804 14:45:51.429"/>
</kw>
<kw name="Populate password in the Password field">
<kw name="Input Password" library="SeleniumLibrary">
<arg>id:password</arg>
<arg>${Password}</arg>
<doc>Types the given password into the text field identified by ``locator``.</doc>
<msg timestamp="20220804 14:45:51.431" level="INFO">Typing password into text field 'id:password'.</msg>
<msg timestamp="20220804 14:45:51.442" level="INFO">Temporally setting log level to: NONE</msg>
<msg timestamp="20220804 14:45:51.461" level="INFO">Log level changed from NONE to INFO.</msg>
<status status="PASS" starttime="20220804 14:45:51.430" endtime="20220804 14:45:51.461"/>
</kw>
<kw name="Sleep" library="BuiltIn">
<arg>5</arg>
<doc>Pauses the test executed for the given time.</doc>
<msg timestamp="20220804 14:45:56.463" level="INFO">Slept 5 seconds</msg>
<status status="PASS" starttime="20220804 14:45:51.462" endtime="20220804 14:45:56.463"/>
</kw>
<status status="PASS" starttime="20220804 14:45:51.429" endtime="20220804 14:45:56.464"/>
</kw>
<kw name="Select Sign In button">
<kw name="Click Button" library="SeleniumLibrary">
<arg>id:signInBtn</arg>
<doc>Clicks the button identified by ``locator``.</doc>
<msg timestamp="20220804 14:45:56.467" level="INFO">Clicking button 'id:signInBtn'.</msg>
<status status="PASS" starttime="20220804 14:45:56.467" endtime="20220804 14:45:56.708"/>
</kw>
<status status="PASS" starttime="20220804 14:45:56.465" endtime="20220804 14:45:56.709"/>
</kw>
<kw name="Close Browser" library="SeleniumLibrary" type="TEARDOWN">
<doc>Closes the current browser.</doc>
<status status="PASS" starttime="20220804 14:45:56.710" endtime="20220804 14:45:58.462"/>
</kw>
<status status="PASS" starttime="20220804 14:45:43.247" endtime="20220804 14:45:58.463"/>
</test>
<doc>The objective of this test case is to validate the login scenarios</doc>
<status status="PASS" starttime="20220804 14:45:42.850" endtime="20220804 14:45:58.464"/>
</suite>
<statistics>
<total>
<stat pass="1" fail="0" skip="0">All Tests</stat>
</total>
<tag>
</tag>
<suite>
<stat pass="1" fail="0" skip="0" id="s1" name="Testcase8 pabot cross browser execution">Testcase8 pabot cross browser execution</stat>
</suite>
</statistics>
<errors>
</errors>
</robot>
